<?xml version="1.0" encoding="UTF-8"?>
<!-- Generated by org.testng.reporters.JUnitReportReporter -->
<testsuite hostname="ashishsri" failures="0" tests="1" name="TestCases.LaunchHrm" time="102.207" errors="0" timestamp="2024-05-16T09:09:49 IST" skipped="0">
  <testcase classname="TestCases.LaunchHrm" name="LoginTestCasePositive" time="102.207"/>
  <system-out/>
</testsuite> <!-- TestCases.LaunchHrm -->
